<?xml version="1.0" encoding="UTF-8"?>
<testsuite xmlns:xsi="http://www.w3.org/2001/XMLSchema-instance" xsi:noNamespaceSchemaLocation="https://maven.apache.org/surefire/maven-surefire-plugin/xsd/surefire-test-report-3.0.xsd" version="3.0" name="com.lab3.AppTest" time="0.076" tests="1" errors="0" skipped="0" failures="0">
  <properties>
    <property name="java.specification.version" value="23"/>
    <property name="sun.cpu.isalist" value="amd64"/>
    <property name="sun.jnu.encoding" value="Cp1251"/>
    <property name="java.class.path" value="E:\3 semestr\po\lab33\lab3\target\test-classes;E:\3 semestr\po\lab33\lab3\target\classes;C:\Users\koval\.m2\repository\junit\junit\4.11\junit-4.11.jar;C:\Users\koval\.m2\repository\org\hamcrest\hamcrest-core\1.3\hamcrest-core-1.3.jar;"/>
    <property name="java.vm.vendor" value="Oracle Corporation"/>
    <property name="sun.arch.data.model" value="64"/>
    <property name="user.variant" value=""/>
    <property name="java.vendor.url" value="https://java.oracle.com/"/>
    <property name="user.timezone" value="Europe/Minsk"/>
    <property name="user.country.format" value="BY"/>
    <property name="os.name" value="Windows 10"/>
    <property name="java.vm.specification.version" value="23"/>
    <property name="sun.java.launcher" value="SUN_STANDARD"/>
    <property name="user.country" value="RU"/>
    <property name="sun.boot.library.path" value="E:\jdk\bin"/>
    <property name="sun.java.command" value="C:\Users\koval\AppData\Local\Temp\surefire12194048295036095081\surefirebooter-20241111102543919_3.jar C:\Users\koval\AppData\Local\Temp\surefire12194048295036095081 2024-11-11T10-25-43_675-jvmRun1 surefire-20241111102543919_1tmp surefire_0-20241111102543919_2tmp"/>
    <property name="jdk.debug" value="release"/>
    <property name="surefire.test.class.path" value="E:\3 semestr\po\lab33\lab3\target\test-classes;E:\3 semestr\po\lab33\lab3\target\classes;C:\Users\koval\.m2\repository\junit\junit\4.11\junit-4.11.jar;C:\Users\koval\.m2\repository\org\hamcrest\hamcrest-core\1.3\hamcrest-core-1.3.jar;"/>
    <property name="sun.cpu.endian" value="little"/>
    <property name="user.home" value="C:\Users\koval"/>
    <property name="user.language" value="ru"/>
    <property name="java.specification.vendor" value="Oracle Corporation"/>
    <property name="java.version.date" value="2024-10-15"/>
    <property name="java.home" value="E:\jdk"/>
    <property name="file.separator" value="\"/>
    <property name="basedir" value="E:\3 semestr\po\lab33\lab3"/>
    <property name="java.vm.compressedOopsMode" value="Zero based"/>
    <property name="line.separator" value="&#10;"/>
    <property name="java.vm.specification.vendor" value="Oracle Corporation"/>
    <property name="java.specification.name" value="Java Platform API Specification"/>
    <property name="surefire.real.class.path" value="C:\Users\koval\AppData\Local\Temp\surefire12194048295036095081\surefirebooter-20241111102543919_3.jar"/>
    <property name="user.script" value=""/>
    <property name="sun.management.compiler" value="HotSpot 64-Bit Tiered Compilers"/>
    <property name="java.runtime.version" value="23.0.1+11-39"/>
    <property name="user.name" value="koval"/>
    <property name="stdout.encoding" value="Cp1251"/>
    <property name="path.separator" value=";"/>
    <property name="os.version" value="10.0"/>
    <property name="java.runtime.name" value="Java(TM) SE Runtime Environment"/>
    <property name="file.encoding" value="UTF-8"/>
    <property name="java.vm.name" value="Java HotSpot(TM) 64-Bit Server VM"/>
    <property name="localRepository" value="C:\Users\koval\.m2\repository"/>
    <property name="java.vendor.url.bug" value="https://bugreport.java.com/bugreport/"/>
    <property name="java.io.tmpdir" value="C:\Users\koval\AppData\Local\Temp\"/>
    <property name="java.version" value="23.0.1"/>
    <property name="user.dir" value="E:\3 semestr\po\lab33\lab3"/>
    <property name="os.arch" value="amd64"/>
    <property name="java.vm.specification.name" value="Java Virtual Machine Specification"/>
    <property name="sun.os.patch.level" value=""/>
    <property name="native.encoding" value="Cp1251"/>
    <property name="java.library.path" value="E:\jdk\bin;C:\WINDOWS\Sun\Java\bin;C:\WINDOWS\system32;C:\WINDOWS;C:\Program Files\Common Files\Oracle\Java\javapath;C:\WINDOWS\system32;C:\WINDOWS;C:\WINDOWS\System32\Wbem;C:\WINDOWS\System32\WindowsPowerShell\v1.0\;C:\WINDOWS\System32\OpenSSH\;C:\Program Files\NVIDIA Corporation\NVIDIA NvDLISR;C:\Program Files\dotnet\;C:\Program Files (x86)\NVIDIA Corporation\PhysX\Common;E:\nodejs\;C:\Program Files\WireGuard\;C:\Program Files\Git\cmd;C:\Program Files\maven\bin;C:\Users\koval\AppData\Local\Programs\Python\Python312\Scripts\;C:\Users\koval\AppData\Local\Programs\Python\Python312\;C:\Users\koval\AppData\Local\Programs\Python\Launcher\;C:\Users\koval\AppData\Local\pip;C:\Users\koval\AppData\Local\Programs\Microsoft VS Code\bin;C:\Users\koval\AppData\Roaming\npm;C:\Program Files\maven\bin;E:\Microsoft VS Code\Microsoft VS Code\bin;."/>
    <property name="java.vm.info" value="mixed mode, sharing"/>
    <property name="stderr.encoding" value="Cp1251"/>
    <property name="java.vendor" value="Oracle Corporation"/>
    <property name="java.vm.version" value="23.0.1+11-39"/>
    <property name="sun.io.unicode.encoding" value="UnicodeLittle"/>
    <property name="java.class.version" value="67.0"/>
  </properties>
  <testcase name="shouldAnswerWithTrue" classname="com.lab3.AppTest" time="0.008"/>
</testsuite>